c:\users\roxer\source\repos\project_template\x64\debug\vc142.pdb
c:\users\roxer\source\repos\project_template\x64\debug\vc142.idb
c:\users\roxer\source\repos\project_template\x64\debug\glad.obj
c:\users\roxer\source\repos\project_template\x64\debug\scenebasic_uniform.obj
c:\users\roxer\source\repos\project_template\x64\debug\main.obj
c:\users\roxer\source\repos\project_template\x64\debug\trianglemesh.obj
c:\users\roxer\source\repos\project_template\x64\debug\torus.obj
c:\users\roxer\source\repos\project_template\x64\debug\teapot.obj
c:\users\roxer\source\repos\project_template\x64\debug\glutils.obj
c:\users\roxer\source\repos\project_template\x64\debug\glslprogram.obj
c:\users\roxer\source\repos\project_template\x64\debug\project_template.exe
c:\users\roxer\source\repos\project_template\x64\debug\project_template.ilk
c:\users\roxer\source\repos\project_template\x64\debug\project_template.pdb
c:\users\roxer\source\repos\project_template\x64\debug\glad.nativecodeanalysis.xml
c:\users\roxer\source\repos\project_template\x64\debug\glslprogram.nativecodeanalysis.xml
c:\users\roxer\source\repos\project_template\x64\debug\glutils.nativecodeanalysis.xml
c:\users\roxer\source\repos\project_template\x64\debug\main.nativecodeanalysis.xml
c:\users\roxer\source\repos\project_template\x64\debug\scenebasic_uniform.nativecodeanalysis.xml
c:\users\roxer\source\repos\project_template\x64\debug\teapot.nativecodeanalysis.xml
c:\users\roxer\source\repos\project_template\x64\debug\torus.nativecodeanalysis.xml
c:\users\roxer\source\repos\project_template\x64\debug\trianglemesh.nativecodeanalysis.xml
c:\users\roxer\source\repos\project_template\x64\debug\vc.nativecodeanalysis.all.xml
c:\users\roxer\source\repos\project_template\x64\debug\project_template.tlog\cl.command.1.tlog
c:\users\roxer\source\repos\project_template\x64\debug\project_template.tlog\cl.read.1.tlog
c:\users\roxer\source\repos\project_template\x64\debug\project_template.tlog\cl.write.1.tlog
c:\users\roxer\source\repos\project_template\x64\debug\project_template.tlog\link.command.1.tlog
c:\users\roxer\source\repos\project_template\x64\debug\project_template.tlog\link.read.1.tlog
c:\users\roxer\source\repos\project_template\x64\debug\project_template.tlog\link.write.1.tlog
